<?xml version="1.0" encoding="UTF-8"?>
<!-- Generated by org.testng.reporters.JUnitReportReporter -->
<testsuite skipped="0" hostname="DESKTOP-E2LC1BH" name="Testcases.Loginapplication" tests="1" failures="0" timestamp="24 十月 2017 05:48:39 GMT" time="13.692" errors="0">
  <testcase name="Login" time="13.692" classname="Testcases.Loginapplication"/>
</testsuite> <!-- Testcases.Loginapplication -->
