<?xml version="1.0" encoding="UTF-8"?>
<!-- Generated by org.testng.reporters.JUnitReportReporter -->
<testsuite skipped="0" hostname="DESKTOP-E2LC1BH" name="Testcases.homepageapplication" tests="1" failures="0" timestamp="31 十月 2017 08:00:02 GMT" time="5.903" errors="0">
  <testcase name="Login" time="5.903" classname="Testcases.homepageapplication"/>
</testsuite> <!-- Testcases.homepageapplication -->
