<?xml version="1.0" encoding="UTF-8"?>
<!-- Generated by org.testng.reporters.JUnitReportReporter -->
<testsuite skipped="0" hostname="DESKTOP-E2LC1BH" name="Testcases.LoginapplicationPF" tests="1" failures="0" timestamp="24 十月 2017 05:58:58 GMT" time="12.348" errors="0">
  <testcase name="Login" time="12.348" classname="Testcases.LoginapplicationPF"/>
</testsuite> <!-- Testcases.LoginapplicationPF -->
